<?xml version="1.0" encoding="UTF-8"?>
<!-- Generated by org.testng.reporters.JUnitXMLReporter -->
<testsuite ignored="0" hostname="LenovoIdeapadL340" failures="0" tests="8" name="Login Tests" time="312.03" errors="0" timestamp="2026-03-29T12:30:17 IST">
  <testcase classname="tests.LoginTest" name="testInvalidLogin" time="2.383"/>
  <testcase classname="tests.LoginTest" name="testSuccessfulLogin" time="4.714"/>
  <testcase classname="tests.DashboardTest" name="testDashboardHeader" time="6.102"/>
  <testcase classname="tests.AdminTest" name="testAdminPage" time="1.869"/>
  <testcase classname="tests.PIMTest" name="testPIMPage" time="2.163"/>
  <testcase classname="tests.LeaveTest" name="testLeavePage" time="2.492"/>
  <testcase classname="tests.TimeTest" name="testTimePage" time="1.938"/>
  <testcase classname="tests.EndToEndTest" name="testFullWorkflow" time="1.868"/>
</testsuite> <!-- Login Tests -->
