<?xml version="1.0" encoding="UTF-8"?>
<testng-results ignored="0" total="2" passed="2" failed="0" skipped="0">
  <reporter-output>
  </reporter-output>
  <suite started-at="2026-03-29T12:35:41 IST" name="Login Module Suite" finished-at="2026-03-29T12:37:08 IST" duration-ms="86637">
    <groups>
    </groups>
    <test started-at="2026-03-29T12:35:41 IST" name="Login Tests" finished-at="2026-03-29T12:37:08 IST" duration-ms="86637">
      <class name="tests.LoginTest">
        <test-method is-config="true" signature="setUp()[pri:0, instance:tests.LoginTest@74f0ea28]" started-at="2026-03-29T12:35:41 IST" name="setUp" finished-at="2026-03-29T12:36:19 IST" duration-ms="37718" status="PASS">
          <reporter-output>
          </reporter-output>
        </test-method> <!-- setUp -->
        <test-method signature="testInvalidLogin()[pri:0, instance:tests.LoginTest@74f0ea28]" started-at="2026-03-29T12:36:19 IST" name="testInvalidLogin" finished-at="2026-03-29T12:36:21 IST" duration-ms="2050" status="PASS">
          <reporter-output>
          </reporter-output>
        </test-method> <!-- testInvalidLogin -->
        <test-method is-config="true" signature="tearDown()[pri:0, instance:tests.LoginTest@74f0ea28]" started-at="2026-03-29T12:36:21 IST" name="tearDown" finished-at="2026-03-29T12:36:21 IST" duration-ms="258" status="PASS">
          <reporter-output>
          </reporter-output>
        </test-method> <!-- tearDown -->
        <test-method is-config="true" signature="setUp()[pri:0, instance:tests.LoginTest@74f0ea28]" started-at="2026-03-29T12:36:21 IST" name="setUp" finished-at="2026-03-29T12:37:00 IST" duration-ms="39215" status="PASS">
          <reporter-output>
          </reporter-output>
        </test-method> <!-- setUp -->
        <test-method signature="testSuccessfulLogin()[pri:0, instance:tests.LoginTest@74f0ea28]" started-at="2026-03-29T12:37:00 IST" name="testSuccessfulLogin" finished-at="2026-03-29T12:37:06 IST" duration-ms="5474" status="PASS">
          <reporter-output>
          </reporter-output>
        </test-method> <!-- testSuccessfulLogin -->
        <test-method is-config="true" signature="tearDown()[pri:0, instance:tests.LoginTest@74f0ea28]" started-at="2026-03-29T12:37:06 IST" name="tearDown" finished-at="2026-03-29T12:37:08 IST" duration-ms="1832" status="PASS">
          <reporter-output>
          </reporter-output>
        </test-method> <!-- tearDown -->
      </class> <!-- tests.LoginTest -->
    </test> <!-- Login Tests -->
  </suite> <!-- Login Module Suite -->
</testng-results>
