<?xml version="1.0" encoding="UTF-8"?>
<!-- Generated by org.testng.reporters.JUnitReportReporter -->
<testsuite hostname="LenovoIdeapadL340" failures="0" tests="4" name="tests.LoginTest" time="63.256" errors="0" timestamp="2026-04-08T12:57:19 IST" skipped="0">
  <testcase classname="tests.LoginTest" name="testInvalidLogin" time="8.931"/>
  <testcase classname="tests.LoginTest" name="testDataDrivenLogin" time="24.079"/>
  <testcase classname="tests.LoginTest" name="testSuccessfulLogin" time="5.576"/>
  <testcase classname="tests.LoginTest" name="testDataDrivenLogin" time="24.670"/>
</testsuite> <!-- tests.LoginTest -->
